Building DAG of jobs...
Using shell: /bin/bash
Provided cores: 8
Rules claiming more threads will be scaled down.
Job stats:
job                              count
-----------------------------  -------
all                                  1
get_absolute_advantage               1
get_susceptible_weighted_mean        1
total                                3

Select jobs to execute...

[Thu Jul 25 14:50:49 2024]
rule get_susceptible_weighted_mean:
    input: results/SpikeGroups.pck, results/Daily_SpikeGroups_Freq.csv
    output: results/Susceptible_weighted_mean_over_spikegroups_all_PK.csv
    jobid: 1
    reason: Missing output files: results/Susceptible_weighted_mean_over_spikegroups_all_PK.csv
    resources: tmpdir=/var/folders/fn/52prq_116p11kl8vxdls_qth0000gn/T

[Thu Jul 25 14:50:49 2024]
Error in rule get_susceptible_weighted_mean:
    jobid: 1
    input: results/SpikeGroups.pck, results/Daily_SpikeGroups_Freq.csv
    output: results/Susceptible_weighted_mean_over_spikegroups_all_PK.csv
    shell:
        python /Users/raharinirina/Documents/Immune_Waning/VASIL_Extra/scripts/plotting/Susceptible_weighted_mean.py results/SpikeGroups.pck results/Daily_SpikeGroups_Freq.csv 0.01 22255735 results
        (one of the commands exited with non-zero exit code; note that snakemake uses bash strict mode!)

Shutting down, this might take some time.
Exiting because a job execution failed. Look above for error message
Complete log: .snakemake/log/2024-07-25T145048.682687.snakemake.log
