Building DAG of jobs...
Using shell: /bin/bash
Provided cores: 8
Rules claiming more threads will be scaled down.
Job stats:
job                             count
----------------------------  -------
all                                 1
compute_cross_delta                 1
get_epitope_landscape               1
get_lineages_frequencies            1
get_mutation_and_spikegroups        1
get_spikegroups_frequencies         1
total                               6

Select jobs to execute...
Failed to solve scheduling problem with ILP solver. Falling back to greedy solver. Run Snakemake with --verbose to see the full solver output for debugging the problem.

[Thu Jul 25 11:43:02 2024]
rule get_lineages_frequencies:
    input: all_GISAID_covSonar_samples_UK_filteredDateFormat_rerevision_April2020_2021.tsv
    output: results/Daily_Lineages_Freq_seq_thres_100.csv
    jobid: 3
    reason: Missing output files: results/Daily_Lineages_Freq_seq_thres_100.csv
    resources: tmpdir=/var/folders/fn/52prq_116p11kl8vxdls_qth0000gn/T


[Thu Jul 25 11:43:02 2024]
rule get_epitope_landscape:
    input: escape_data_original_202309.csv, antibody_classes.csv
    output: results/epitope_data, results/epitope_data/dms_per_ab_per_site.csv
    jobid: 1
    reason: Missing output files: results/epitope_data/dms_per_ab_per_site.csv
    resources: tmpdir=/var/folders/fn/52prq_116p11kl8vxdls_qth0000gn/T

[Thu Jul 25 11:43:07 2024]
Finished job 1.
1 of 6 steps (17%) done
Select jobs to execute...

[Thu Jul 25 11:43:07 2024]
rule get_mutation_and_spikegroups:
    input: all_GISAID_covSonar_samples_UK_filteredDateFormat_rerevision_April2020_2021.tsv, results/epitope_data/dms_per_ab_per_site.csv
    output: results/mutation_data, results/mutation_data/mutationprofile_RBD_NTD_mutations.csv, results/mutation_data/mutationprofile_RBD_NTD_pseudogroups.csv
    jobid: 4
    reason: Missing output files: results/mutation_data/mutationprofile_RBD_NTD_pseudogroups.csv, results/mutation_data/mutationprofile_RBD_NTD_mutations.csv; Input files updated by another job: results/epitope_data/dms_per_ab_per_site.csv
    resources: tmpdir=/var/folders/fn/52prq_116p11kl8vxdls_qth0000gn/T

[Thu Jul 25 11:44:41 2024]
Finished job 3.
2 of 6 steps (33%) done
[Thu Jul 25 11:48:23 2024]
Finished job 4.
3 of 6 steps (50%) done
Select jobs to execute...

[Thu Jul 25 11:48:23 2024]
rule get_spikegroups_frequencies:
    input: estimated_numer_of_infections_UK_April2020_2021.csv, results/Daily_Lineages_Freq_seq_thres_100.csv, results/mutation_data/mutationprofile_RBD_NTD_mutations.csv, results/mutation_data/mutationprofile_RBD_NTD_pseudogroups.csv
    output: results/Daily_SpikeGroups_Freq.csv, results/SpikeGroups.pck, results/Mutation_Profiles.pck, results/Daily_Lineages_Freq_1_percent.csv
    jobid: 2
    reason: Missing output files: results/Daily_Lineages_Freq_1_percent.csv, results/SpikeGroups.pck, results/Daily_SpikeGroups_Freq.csv, results/Mutation_Profiles.pck; Input files updated by another job: results/mutation_data/mutationprofile_RBD_NTD_mutations.csv, results/mutation_data/mutationprofile_RBD_NTD_pseudogroups.csv, results/Daily_Lineages_Freq_seq_thres_100.csv; Set of input files has changed since last execution
    resources: tmpdir=/var/folders/fn/52prq_116p11kl8vxdls_qth0000gn/T

[Thu Jul 25 11:48:52 2024]
Finished job 2.
4 of 6 steps (67%) done
Select jobs to execute...

[Thu Jul 25 11:48:52 2024]
rule compute_cross_delta:
    input: results/SpikeGroups.pck, results/Mutation_Profiles.pck, results/epitope_data/dms_per_ab_per_site.csv
    output: results/Cross_with_delta_valitation.pck
    jobid: 5
    reason: Missing output files: results/Cross_with_delta_valitation.pck; Input files updated by another job: results/epitope_data/dms_per_ab_per_site.csv, results/Mutation_Profiles.pck, results/SpikeGroups.pck
    resources: tmpdir=/var/folders/fn/52prq_116p11kl8vxdls_qth0000gn/T

[Thu Jul 25 11:48:54 2024]
Finished job 5.
5 of 6 steps (83%) done
Select jobs to execute...

[Thu Jul 25 11:48:54 2024]
localrule all:
    input: results/epitope_data/dms_per_ab_per_site.csv, results/Daily_SpikeGroups_Freq.csv, results/SpikeGroups.pck, results/Mutation_Profiles.pck, results/Cross_with_delta_valitation.pck, results/Daily_Lineages_Freq_seq_thres_100.csv, results/Daily_Lineages_Freq_1_percent.csv
    jobid: 0
    reason: Input files updated by another job: results/Daily_SpikeGroups_Freq.csv, results/SpikeGroups.pck, results/epitope_data/dms_per_ab_per_site.csv, results/Cross_with_delta_valitation.pck, results/Mutation_Profiles.pck, results/Daily_Lineages_Freq_seq_thres_100.csv, results/Daily_Lineages_Freq_1_percent.csv
    resources: tmpdir=/var/folders/fn/52prq_116p11kl8vxdls_qth0000gn/T

[Thu Jul 25 11:48:54 2024]
Finished job 0.
6 of 6 steps (100%) done
Complete log: .snakemake/log/2024-07-25T114302.114710.snakemake.log
