Building DAG of jobs...
Using shell: /bin/bash
Provided cores: 8
Rules claiming more threads will be scaled down.
Job stats:
job                                count
-------------------------------  -------
all                                    1
get_Immunological_Landscape_all        1
total                                  2

Select jobs to execute...

[Thu Jul 25 11:59:05 2024]
rule get_Immunological_Landscape_all:
    input: estimated_numer_of_infections_UK_April2020_2021.csv, results/Cross_with_delta_valitation.pck, results/Cross_react_dic_spikegroups_ALL.pck, results/SpikeGroups.pck, results/Daily_SpikeGroups_Freq.csv, results/epitope_data/dms_per_ab_per_site.csv, Clinical_Delta_VE.xlsx
    output: results/Immunological_Landscape_ALL, results/Immunological_Landscape_ALL/simulation_status_ALL.csv
    jobid: 7
    reason: Missing output files: results/Immunological_Landscape_ALL/simulation_status_ALL.csv
    resources: tmpdir=/var/folders/fn/52prq_116p11kl8vxdls_qth0000gn/T

[Thu Jul 25 11:59:11 2024]
Finished job 7.
1 of 2 steps (50%) done
Select jobs to execute...

[Thu Jul 25 11:59:11 2024]
localrule all:
    input: results/epitope_data/dms_per_ab_per_site.csv, results/Daily_SpikeGroups_Freq.csv, results/SpikeGroups.pck, results/Mutation_Profiles.pck, results/Cross_with_delta_valitation.pck, results/Daily_Lineages_Freq_seq_thres_100.csv, results/Daily_Lineages_Freq_1_percent.csv, results/Cross_react_dic_spikegroups_ALL.pck, results/Immunological_Landscape_ALL/simulation_status_ALL.csv
    jobid: 0
    reason: Input files updated by another job: results/Immunological_Landscape_ALL/simulation_status_ALL.csv
    resources: tmpdir=/var/folders/fn/52prq_116p11kl8vxdls_qth0000gn/T

[Thu Jul 25 11:59:11 2024]
Finished job 0.
2 of 2 steps (100%) done
Complete log: .snakemake/log/2024-07-25T115904.641429.snakemake.log
