Building DAG of jobs...
Using shell: /bin/bash
Provided cores: 8
Rules claiming more threads will be scaled down.
Job stats:
job                             count
----------------------------  -------
all                                 1
compute_cross_delta                 1
get_epitope_landscape               1
get_lineages_frequencies            1
get_mutation_and_spikegroups        1
get_spikegroups_frequencies         1
total                               6

Select jobs to execute...
Failed to solve scheduling problem with ILP solver. Falling back to greedy solver. Run Snakemake with --verbose to see the full solver output for debugging the problem.

[Wed Jul 24 16:42:38 2024]
rule get_lineages_frequencies:
    input: all_GISAID_covSonar_samples_UK_filteredDateFormat_rerevision_April2020_2021.csv
    output: results/Daily_Lineages_Freq_seq_thres_100.csv
    jobid: 3
    reason: Missing output files: results/Daily_Lineages_Freq_seq_thres_100.csv
    resources: tmpdir=/var/folders/fn/52prq_116p11kl8vxdls_qth0000gn/T


[Wed Jul 24 16:42:38 2024]
rule get_epitope_landscape:
    input: escape_data_original_202309.csv, antibody_classes.csv
    output: results/epitope_data, results/epitope_data/dms_per_ab_per_site.csv
    jobid: 1
    reason: Missing output files: results/epitope_data/dms_per_ab_per_site.csv
    resources: tmpdir=/var/folders/fn/52prq_116p11kl8vxdls_qth0000gn/T

[Wed Jul 24 16:42:42 2024]
Finished job 1.
1 of 6 steps (17%) done
Select jobs to execute...

[Wed Jul 24 16:42:42 2024]
rule get_mutation_and_spikegroups:
    input: all_GISAID_covSonar_samples_UK_filteredDateFormat_rerevision_April2020_2021.csv, results/epitope_data/dms_per_ab_per_site.csv
    output: results/mutation_data, results/mutation_data/mutationprofile_RBD_NTD_mutations.csv, results/mutation_data/mutationprofile_RBD_NTD_pseudogroups.csv
    jobid: 4
    reason: Missing output files: results/mutation_data/mutationprofile_RBD_NTD_mutations.csv, results/mutation_data/mutationprofile_RBD_NTD_pseudogroups.csv; Input files updated by another job: results/epitope_data/dms_per_ab_per_site.csv
    resources: tmpdir=/var/folders/fn/52prq_116p11kl8vxdls_qth0000gn/T

[Wed Jul 24 16:43:52 2024]
Error in rule get_lineages_frequencies:
    jobid: 3
    input: all_GISAID_covSonar_samples_UK_filteredDateFormat_rerevision_April2020_2021.csv
    output: results/Daily_Lineages_Freq_seq_thres_100.csv
    shell:
        python /Users/raharinirina/Documents/Immune_Waning/VASIL_Extra/scripts/SpikeGroups_frequencies/Lineages_freqs.py all_GISAID_covSonar_samples_UK_filteredDateFormat_rerevision_April2020_2021.csv 2020-04-01 results/Daily_Lineages_Freq_seq_thres_100.csv 100
        (one of the commands exited with non-zero exit code; note that snakemake uses bash strict mode!)

[Wed Jul 24 16:44:17 2024]
Error in rule get_mutation_and_spikegroups:
    jobid: 4
    input: all_GISAID_covSonar_samples_UK_filteredDateFormat_rerevision_April2020_2021.csv, results/epitope_data/dms_per_ab_per_site.csv
    output: results/mutation_data, results/mutation_data/mutationprofile_RBD_NTD_mutations.csv, results/mutation_data/mutationprofile_RBD_NTD_pseudogroups.csv
    shell:
        Rscript /Users/raharinirina/Documents/Immune_Waning/VASIL_Extra/scripts/mutationprofile/mutation_profile.R all_GISAID_covSonar_samples_UK_filteredDateFormat_rerevision_April2020_2021.csv results/mutation_data mutationprofile 0.75 2020-04-01 2021-12-31 results/epitope_data/dms_per_ab_per_site.csv
        (one of the commands exited with non-zero exit code; note that snakemake uses bash strict mode!)

Removing output files of failed job get_mutation_and_spikegroups since they might be corrupted:
results/mutation_data
Shutting down, this might take some time.
Exiting because a job execution failed. Look above for error message
Complete log: .snakemake/log/2024-07-24T164237.917380.snakemake.log
