Building DAG of jobs...
Using shell: /bin/bash
Provided cores: 8
Rules claiming more threads will be scaled down.
Job stats:
job                                count
-------------------------------  -------
all                                    1
compute_cross_delta                    1
get_Immunological_Landscape_all        1
get_cross_neutralization_all           1
get_epitope_landscape                  1
get_lineages_frequencies               1
get_mutation_and_spikegroups           1
get_spikegroups_frequencies            1
total                                  8

Select jobs to execute...
Failed to solve scheduling problem with ILP solver. Falling back to greedy solver. Run Snakemake with --verbose to see the full solver output for debugging the problem.

[Thu Jul 25 20:03:34 2024]
rule get_lineages_frequencies:
    input: all_GISAID_covSonar_samples_UK_filteredDateFormat_rerevision_April2020_2021.tsv
    output: results/Daily_Lineages_Freq_seq_thres_100.csv
    jobid: 3
    reason: Missing output files: results/Daily_Lineages_Freq_seq_thres_100.csv
    resources: tmpdir=/var/folders/fn/52prq_116p11kl8vxdls_qth0000gn/T


[Thu Jul 25 20:03:34 2024]
rule get_epitope_landscape:
    input: escape_data_original_202309.csv, antibody_classes.csv
    output: results/epitope_data, results/epitope_data/dms_per_ab_per_site.csv
    jobid: 1
    reason: Missing output files: results/epitope_data/dms_per_ab_per_site.csv
    resources: tmpdir=/var/folders/fn/52prq_116p11kl8vxdls_qth0000gn/T

[Thu Jul 25 20:03:39 2024]
Finished job 1.
1 of 8 steps (12%) done
Select jobs to execute...

[Thu Jul 25 20:03:39 2024]
rule get_mutation_and_spikegroups:
    input: all_GISAID_covSonar_samples_UK_filteredDateFormat_rerevision_April2020_2021.tsv, results/epitope_data/dms_per_ab_per_site.csv
    output: results/mutation_data, results/mutation_data/mutationprofile_RBD_NTD_mutations.csv, results/mutation_data/mutationprofile_RBD_NTD_pseudogroups.csv
    jobid: 4
    reason: Missing output files: results/mutation_data/mutationprofile_RBD_NTD_pseudogroups.csv, results/mutation_data/mutationprofile_RBD_NTD_mutations.csv; Input files updated by another job: results/epitope_data/dms_per_ab_per_site.csv
    resources: tmpdir=/var/folders/fn/52prq_116p11kl8vxdls_qth0000gn/T

[Thu Jul 25 20:05:23 2024]
Finished job 3.
2 of 8 steps (25%) done
[Thu Jul 25 20:08:56 2024]
Finished job 4.
3 of 8 steps (38%) done
Select jobs to execute...

[Thu Jul 25 20:08:56 2024]
rule get_spikegroups_frequencies:
    input: estimated_numer_of_infections_UK_April2020_2021.csv, results/Daily_Lineages_Freq_seq_thres_100.csv, results/mutation_data/mutationprofile_RBD_NTD_mutations.csv, results/mutation_data/mutationprofile_RBD_NTD_pseudogroups.csv
    output: results/Daily_SpikeGroups_Freq.csv, results/SpikeGroups.pck, results/Mutation_Profiles.pck, results/Daily_Lineages_Freq_1_percent.csv
    jobid: 2
    reason: Missing output files: results/SpikeGroups.pck, results/Daily_SpikeGroups_Freq.csv, results/Daily_Lineages_Freq_1_percent.csv, results/Mutation_Profiles.pck; Input files updated by another job: results/mutation_data/mutationprofile_RBD_NTD_pseudogroups.csv, results/Daily_Lineages_Freq_seq_thres_100.csv, results/mutation_data/mutationprofile_RBD_NTD_mutations.csv
    resources: tmpdir=/var/folders/fn/52prq_116p11kl8vxdls_qth0000gn/T

[Thu Jul 25 20:09:25 2024]
Finished job 2.
4 of 8 steps (50%) done
Select jobs to execute...
Failed to solve scheduling problem with ILP solver. Falling back to greedy solver. Run Snakemake with --verbose to see the full solver output for debugging the problem.

[Thu Jul 25 20:09:25 2024]
rule get_cross_neutralization_all:
    input: results/SpikeGroups.pck, results/Mutation_Profiles.pck, results/epitope_data/dms_per_ab_per_site.csv
    output: results/Cross_react_dic_spikegroups_ALL.pck
    jobid: 6
    reason: Missing output files: results/Cross_react_dic_spikegroups_ALL.pck; Input files updated by another job: results/SpikeGroups.pck, results/epitope_data/dms_per_ab_per_site.csv, results/Mutation_Profiles.pck
    resources: tmpdir=/var/folders/fn/52prq_116p11kl8vxdls_qth0000gn/T


[Thu Jul 25 20:09:25 2024]
rule compute_cross_delta:
    input: results/SpikeGroups.pck, results/Mutation_Profiles.pck, results/epitope_data/dms_per_ab_per_site.csv
    output: results/Cross_with_delta_valitation.pck
    jobid: 5
    reason: Missing output files: results/Cross_with_delta_valitation.pck; Input files updated by another job: results/SpikeGroups.pck, results/epitope_data/dms_per_ab_per_site.csv, results/Mutation_Profiles.pck
    resources: tmpdir=/var/folders/fn/52prq_116p11kl8vxdls_qth0000gn/T

[Thu Jul 25 20:09:27 2024]
Finished job 5.
5 of 8 steps (62%) done
[Thu Jul 25 20:11:25 2024]
Finished job 6.
6 of 8 steps (75%) done
Select jobs to execute...

[Thu Jul 25 20:11:25 2024]
rule get_Immunological_Landscape_all:
    input: estimated_numer_of_infections_UK_April2020_2021.csv, results/Cross_with_delta_valitation.pck, results/Cross_react_dic_spikegroups_ALL.pck, results/SpikeGroups.pck, results/Daily_SpikeGroups_Freq.csv, results/epitope_data/dms_per_ab_per_site.csv, Clinical_Delta_VE.xlsx
    output: results/Immunological_Landscape_ALL, results/Immunological_Landscape_ALL/simulation_status_ALL.csv
    jobid: 7
    reason: Missing output files: results/Immunological_Landscape_ALL/simulation_status_ALL.csv; Input files updated by another job: results/Daily_SpikeGroups_Freq.csv, results/Cross_react_dic_spikegroups_ALL.pck, results/SpikeGroups.pck, results/Cross_with_delta_valitation.pck, results/epitope_data/dms_per_ab_per_site.csv; Params have changed since last execution
    resources: tmpdir=/var/folders/fn/52prq_116p11kl8vxdls_qth0000gn/T

[Thu Jul 25 20:11:32 2024]
Finished job 7.
7 of 8 steps (88%) done
Select jobs to execute...

[Thu Jul 25 20:11:32 2024]
localrule all:
    input: results/epitope_data/dms_per_ab_per_site.csv, results/Daily_SpikeGroups_Freq.csv, results/SpikeGroups.pck, results/Mutation_Profiles.pck, results/Cross_with_delta_valitation.pck, results/Daily_Lineages_Freq_seq_thres_100.csv, results/Daily_Lineages_Freq_1_percent.csv, results/Cross_react_dic_spikegroups_ALL.pck, results/Immunological_Landscape_ALL/simulation_status_ALL.csv
    jobid: 0
    reason: Input files updated by another job: results/Immunological_Landscape_ALL/simulation_status_ALL.csv, results/Cross_react_dic_spikegroups_ALL.pck, results/Daily_SpikeGroups_Freq.csv, results/SpikeGroups.pck, results/Cross_with_delta_valitation.pck, results/Daily_Lineages_Freq_1_percent.csv, results/Mutation_Profiles.pck, results/Daily_Lineages_Freq_seq_thres_100.csv, results/epitope_data/dms_per_ab_per_site.csv
    resources: tmpdir=/var/folders/fn/52prq_116p11kl8vxdls_qth0000gn/T

[Thu Jul 25 20:11:32 2024]
Finished job 0.
8 of 8 steps (100%) done
Complete log: .snakemake/log/2024-07-25T200334.463947.snakemake.log
