Building DAG of jobs...
Using shell: /bin/bash
Provided cores: 8
Rules claiming more threads will be scaled down.
Job stats:
job                              count
-----------------------------  -------
all                                  1
get_absolute_advantage               1
get_relative_lineages                1
get_relative_spikegroups             1
get_spike_props_overview             1
get_susceptible_weighted_mean        1
plot_cross_spk                       1
total                                7

Select jobs to execute...
Failed to solve scheduling problem with ILP solver. Falling back to greedy solver. Run Snakemake with --verbose to see the full solver output for debugging the problem.

[Thu Jul 25 12:03:49 2024]
rule get_susceptible_weighted_mean:
    input: results/SpikeGroups.pck, results/Daily_SpikeGroups_Freq.csv
    output: results/Susceptible_weighted_mean_over_spikegroups_all_PK.csv
    jobid: 1
    reason: Missing output files: results/Susceptible_weighted_mean_over_spikegroups_all_PK.csv
    resources: tmpdir=/var/folders/fn/52prq_116p11kl8vxdls_qth0000gn/T


[Thu Jul 25 12:03:49 2024]
rule plot_cross_spk:
    input: results/Cross_react_dic_spikegroups_ALL.pck
    output: plots/Cross_spikegroups, plots/Cross_spikegroups/Cross_React_AB_A.pdf
    jobid: 4
    reason: Missing output files: plots/Cross_spikegroups/Cross_React_AB_A.pdf
    resources: tmpdir=/var/folders/fn/52prq_116p11kl8vxdls_qth0000gn/T


[Thu Jul 25 12:03:49 2024]
rule get_spike_props_overview:
    input: results/Daily_SpikeGroups_Freq.csv
    output: plots/Spikes_Props, plots/Spikes_Props/SpikeGroups_Props_overview.pdf
    jobid: 3
    reason: Missing output files: plots/Spikes_Props/SpikeGroups_Props_overview.pdf
    resources: tmpdir=/var/folders/fn/52prq_116p11kl8vxdls_qth0000gn/T

[Thu Jul 25 12:03:50 2024]
Finished job 1.
1 of 7 steps (14%) done
Select jobs to execute...
Failed to solve scheduling problem with ILP solver. Falling back to greedy solver. Run Snakemake with --verbose to see the full solver output for debugging the problem.

[Thu Jul 25 12:03:50 2024]
rule get_relative_lineages:
    input: results/Immunological_Landscape_ALL, results/Daily_SpikeGroups_Freq.csv, results/Susceptible_weighted_mean_over_spikegroups_all_PK.csv
    output: plots/relative_groups/As_Lineages, plots/relative_groups/As_Lineages/plot_status.csv
    jobid: 5
    reason: Missing output files: plots/relative_groups/As_Lineages/plot_status.csv; Input files updated by another job: results/Susceptible_weighted_mean_over_spikegroups_all_PK.csv
    resources: tmpdir=/var/folders/fn/52prq_116p11kl8vxdls_qth0000gn/T


[Thu Jul 25 12:03:50 2024]
rule get_relative_spikegroups:
    input: results/Immunological_Landscape_ALL, results/Daily_SpikeGroups_Freq.csv, results/Susceptible_weighted_mean_over_spikegroups_all_PK.csv
    output: plots/relative_groups/As_Spikegroups, plots/relative_groups/As_Spikegroups/plot_status.csv
    jobid: 6
    reason: Missing output files: plots/relative_groups/As_Spikegroups/plot_status.csv; Input files updated by another job: results/Susceptible_weighted_mean_over_spikegroups_all_PK.csv
    resources: tmpdir=/var/folders/fn/52prq_116p11kl8vxdls_qth0000gn/T


[Thu Jul 25 12:03:50 2024]
rule get_absolute_advantage:
    input: estimated_numer_of_infections_UK_April2020_2021.csv, results/Susceptible_weighted_mean_over_spikegroups_all_PK.csv
    output: plots/absolute, plots/absolute/absolute_estimate.pdf, plots/absolute/absolute_estimate.svg
    jobid: 2
    reason: Missing output files: plots/absolute/absolute_estimate.svg, plots/absolute/absolute_estimate.pdf; Input files updated by another job: results/Susceptible_weighted_mean_over_spikegroups_all_PK.csv
    resources: tmpdir=/var/folders/fn/52prq_116p11kl8vxdls_qth0000gn/T

[Thu Jul 25 12:03:51 2024]
Finished job 3.
2 of 7 steps (29%) done
[Thu Jul 25 12:03:51 2024]
Error in rule get_relative_spikegroups:
    jobid: 6
    input: results/Immunological_Landscape_ALL, results/Daily_SpikeGroups_Freq.csv, results/Susceptible_weighted_mean_over_spikegroups_all_PK.csv
    output: plots/relative_groups/As_Spikegroups, plots/relative_groups/As_Spikegroups/plot_status.csv
    shell:
        python /Users/raharinirina/Documents/Immune_Waning/VASIL_Extra/scripts/plotting/relative_advantage_spikegroups.py results/Immunological_Landscape_ALL results/Susceptible_weighted_mean_over_spikegroups_all_PK.csv results/Daily_SpikeGroups_Freq.csv 0.01 2020-04-01 2021-12-31 12 plots/relative_groups/As_Spikegroups BQ.1.ALL BR.2.1.ALL XBF.ALL XBC.1.6.ALL XBC.1.3.ALL HK.3.ALL BA.5.ALL XBB.1.5.ALL XBB.1.16.ALL EG.5.1.ALL BF.7.ALL CH.1.ALL orange 0.557/0.384/0.651 0.322/0.204/0.702 1/0.851/0.6 0.533/0.533/0.106 blue red brown black 0.51/0.773/0.569 yellow cyan
        (one of the commands exited with non-zero exit code; note that snakemake uses bash strict mode!)

[Thu Jul 25 12:03:51 2024]
Error in rule get_relative_lineages:
    jobid: 5
    input: results/Immunological_Landscape_ALL, results/Daily_SpikeGroups_Freq.csv, results/Susceptible_weighted_mean_over_spikegroups_all_PK.csv
    output: plots/relative_groups/As_Lineages, plots/relative_groups/As_Lineages/plot_status.csv
    shell:
        python /Users/raharinirina/Documents/Immune_Waning/VASIL_Extra/scripts/plotting/relative_advantage_lineages.py results/Immunological_Landscape_ALL results/Susceptible_weighted_mean_over_spikegroups_all_PK.csv results/Daily_SpikeGroups_Freq.csv 0.01 2020-04-01 2021-12-31 12 plots/relative_groups/As_Lineages BQ.1.ALL BR.2.1.ALL XBF.ALL XBC.1.6.ALL XBC.1.3.ALL HK.3.ALL BA.5.ALL XBB.1.5.ALL XBB.1.16.ALL EG.5.1.ALL BF.7.ALL CH.1.ALL orange 0.557/0.384/0.651 0.322/0.204/0.702 1/0.851/0.6 0.533/0.533/0.106 blue red brown black 0.51/0.773/0.569 yellow cyan
        (one of the commands exited with non-zero exit code; note that snakemake uses bash strict mode!)

Removing output files of failed job get_relative_spikegroups since they might be corrupted:
plots/relative_groups/As_Spikegroups
Removing output files of failed job get_relative_lineages since they might be corrupted:
plots/relative_groups/As_Lineages
[Thu Jul 25 12:03:52 2024]
Finished job 2.
3 of 7 steps (43%) done
[Thu Jul 25 12:03:55 2024]
Finished job 4.
4 of 7 steps (57%) done
Shutting down, this might take some time.
Exiting because a job execution failed. Look above for error message
Complete log: .snakemake/log/2024-07-25T120349.005396.snakemake.log
